# JRE version: Java(TM) SE Runtime Environment (8.0_241-b07) (build 1.8.0_241-b07)
# Java VM: Java HotSpot(TM) 64-Bit Server VM (25.241-b07 mixed mode windows-amd64 compressed oops)
Heap:
 PSYoungGen      total 43008K, used 12599K [0x0000000740180000, 0x0000000742c80000, 0x00000007c0000000)
  eden space 41984K, 29% used [0x0000000740180000,0x0000000740d6dcf8,0x0000000742a80000)
  from space 1024K, 37% used [0x0000000742a80000,0x0000000742ae0000,0x0000000742b80000)
  to   space 1024K, 0% used [0x0000000742b80000,0x0000000742b80000,0x0000000742c80000)
 ParOldGen       total 196096K, used 80148K [0x0000000640400000, 0x000000064c380000, 0x0000000740180000)
  object space 196096K, 40% used [0x0000000640400000,0x00000006452452d8,0x000000064c380000)
 Metaspace       used 48298K, capacity 49175K, committed 49496K, reserved 1093632K
  class space    used 4933K, capacity 5126K, committed 5248K, reserved 1048576K
GC Heap History (10 events):
Event: 36943.635 GC heap before
{Heap before GC invocations=2497 (full 4):
 PSYoungGen      total 43008K, used 42400K [0x0000000740180000, 0x0000000742c80000, 0x00000007c0000000)
  eden space 41984K, 100% used [0x0000000740180000,0x0000000742a80000,0x0000000742a80000)
  from space 1024K, 40% used [0x0000000742b80000,0x0000000742be8000,0x0000000742c80000)
  to   space 1024K, 0% used [0x0000000742a80000,0x0000000742a80000,0x0000000742b80000)
 ParOldGen       total 196096K, used 80132K [0x0000000640400000, 0x000000064c380000, 0x0000000740180000)
  object space 196096K, 40% used [0x0000000640400000,0x00000006452412d8,0x000000064c380000)
 Metaspace       used 48298K, capacity 49175K, committed 49496K, reserved 1093632K
  class space    used 4933K, capacity 5126K, committed 5248K, reserved 1048576K
Event: 36943.639 GC heap after
Heap after GC invocations=2497 (full 4):
 PSYoungGen      total 43008K, used 704K [0x0000000740180000, 0x0000000742c80000, 0x00000007c0000000)
  eden space 41984K, 0% used [0x0000000740180000,0x0000000740180000,0x0000000742a80000)
  from space 1024K, 68% used [0x0000000742a80000,0x0000000742b30000,0x0000000742b80000)
  to   space 1024K, 0% used [0x0000000742b80000,0x0000000742b80000,0x0000000742c80000)
 ParOldGen       total 196096K, used 80132K [0x0000000640400000, 0x000000064c380000, 0x0000000740180000)
  object space 196096K, 40% used [0x0000000640400000,0x00000006452412d8,0x000000064c380000)
 Metaspace       used 48298K, capacity 49175K, committed 49496K, reserved 1093632K
  class space    used 4933K, capacity 5126K, committed 5248K, reserved 1048576K
}
Event: 36951.571 GC heap before
{Heap before GC invocations=2498 (full 4):
 PSYoungGen      total 43008K, used 42688K [0x0000000740180000, 0x0000000742c80000, 0x00000007c0000000)
  eden space 41984K, 100% used [0x0000000740180000,0x0000000742a80000,0x0000000742a80000)
  from space 1024K, 68% used [0x0000000742a80000,0x0000000742b30000,0x0000000742b80000)
  to   space 1024K, 0% used [0x0000000742b80000,0x0000000742b80000,0x0000000742c80000)
 ParOldGen       total 196096K, used 80132K [0x0000000640400000, 0x000000064c380000, 0x0000000740180000)
  object space 196096K, 40% used [0x0000000640400000,0x00000006452412d8,0x000000064c380000)
 Metaspace       used 48298K, capacity 49175K, committed 49496K, reserved 1093632K
  class space    used 4933K, capacity 5126K, committed 5248K, reserved 1048576K
Event: 36951.574 GC heap after
Heap after GC invocations=2498 (full 4):
 PSYoungGen      total 43008K, used 736K [0x0000000740180000, 0x0000000742c80000, 0x00000007c0000000)
  eden space 41984K, 0% used [0x0000000740180000,0x0000000740180000,0x0000000742a80000)
  from space 1024K, 71% used [0x0000000742b80000,0x0000000742c38000,0x0000000742c80000)
  to   space 1024K, 0% used [0x0000000742a80000,0x0000000742a80000,0x0000000742b80000)
 ParOldGen       total 196096K, used 80140K [0x0000000640400000, 0x000000064c380000, 0x0000000740180000)
  object space 196096K, 40% used [0x0000000640400000,0x00000006452432d8,0x000000064c380000)
 Metaspace       used 48298K, capacity 49175K, committed 49496K, reserved 1093632K
  class space    used 4933K, capacity 5126K, committed 5248K, reserved 1048576K
}
Event: 36959.566 GC heap before
{Heap before GC invocations=2499 (full 4):
 PSYoungGen      total 43008K, used 42720K [0x0000000740180000, 0x0000000742c80000, 0x00000007c0000000)
  eden space 41984K, 100% used [0x0000000740180000,0x0000000742a80000,0x0000000742a80000)
  from space 1024K, 71% used [0x0000000742b80000,0x0000000742c38000,0x0000000742c80000)
  to   space 1024K, 0% used [0x0000000742a80000,0x0000000742a80000,0x0000000742b80000)
 ParOldGen       total 196096K, used 80140K [0x0000000640400000, 0x000000064c380000, 0x0000000740180000)
  object space 196096K, 40% used [0x0000000640400000,0x00000006452432d8,0x000000064c380000)
 Metaspace       used 48298K, capacity 49175K, committed 49496K, reserved 1093632K
  class space    used 4933K, capacity 5126K, committed 5248K, reserved 1048576K
Event: 36959.569 GC heap after
Heap after GC invocations=2499 (full 4):
 PSYoungGen      total 43008K, used 434K [0x0000000740180000, 0x0000000742c80000, 0x00000007c0000000)
  eden space 41984K, 0% used [0x0000000740180000,0x0000000740180000,0x0000000742a80000)
  from space 1024K, 42% used [0x0000000742a80000,0x0000000742aecab8,0x0000000742b80000)
  to   space 1024K, 0% used [0x0000000742b80000,0x0000000742b80000,0x0000000742c80000)
 ParOldGen       total 196096K, used 80140K [0x0000000640400000, 0x000000064c380000, 0x0000000740180000)
  object space 196096K, 40% used [0x0000000640400000,0x00000006452432d8,0x000000064c380000)
 Metaspace       used 48298K, capacity 49175K, committed 49496K, reserved 1093632K
  class space    used 4933K, capacity 5126K, committed 5248K, reserved 1048576K
}
Event: 36966.208 GC heap before
{Heap before GC invocations=2500 (full 4):
 PSYoungGen      total 43008K, used 42418K [0x0000000740180000, 0x0000000742c80000, 0x00000007c0000000)
  eden space 41984K, 100% used [0x0000000740180000,0x0000000742a80000,0x0000000742a80000)
  from space 1024K, 42% used [0x0000000742a80000,0x0000000742aecab8,0x0000000742b80000)
  to   space 1024K, 0% used [0x0000000742b80000,0x0000000742b80000,0x0000000742c80000)
 ParOldGen       total 196096K, used 80140K [0x0000000640400000, 0x000000064c380000, 0x0000000740180000)
  object space 196096K, 40% used [0x0000000640400000,0x00000006452432d8,0x000000064c380000)
 Metaspace       used 48298K, capacity 49175K, committed 49496K, reserved 1093632K
  class space    used 4933K, capacity 5126K, committed 5248K, reserved 1048576K
Event: 36966.211 GC heap after
Heap after GC invocations=2500 (full 4):
 PSYoungGen      total 43008K, used 704K [0x0000000740180000, 0x0000000742c80000, 0x00000007c0000000)
  eden space 41984K, 0% used [0x0000000740180000,0x0000000740180000,0x0000000742a80000)
  from space 1024K, 68% used [0x0000000742b80000,0x0000000742c30000,0x0000000742c80000)
  to   space 1024K, 0% used [0x0000000742a80000,0x0000000742a80000,0x0000000742b80000)
 ParOldGen       total 196096K, used 80148K [0x0000000640400000, 0x000000064c380000, 0x0000000740180000)
  object space 196096K, 40% used [0x0000000640400000,0x00000006452452d8,0x000000064c380000)
 Metaspace       used 48298K, capacity 49175K, committed 49496K, reserved 1093632K
  class space    used 4933K, capacity 5126K, committed 5248K, reserved 1048576K
}
Event: 36974.074 GC heap before
{Heap before GC invocations=2501 (full 4):
 PSYoungGen      total 43008K, used 42688K [0x0000000740180000, 0x0000000742c80000, 0x00000007c0000000)
  eden space 41984K, 100% used [0x0000000740180000,0x0000000742a80000,0x0000000742a80000)
  from space 1024K, 68% used [0x0000000742b80000,0x0000000742c30000,0x0000000742c80000)
  to   space 1024K, 0% used [0x0000000742a80000,0x0000000742a80000,0x0000000742b80000)
 ParOldGen       total 196096K, used 80148K [0x0000000640400000, 0x000000064c380000, 0x0000000740180000)
  object space 196096K, 40% used [0x0000000640400000,0x00000006452452d8,0x000000064c380000)
 Metaspace       used 48298K, capacity 49175K, committed 49496K, reserved 1093632K
  class space    used 4933K, capacity 5126K, committed 5248K, reserved 1048576K
Event: 36974.077 GC heap after
Heap after GC invocations=2501 (full 4):
 PSYoungGen      total 43008K, used 384K [0x0000000740180000, 0x0000000742c80000, 0x00000007c0000000)
  eden space 41984K, 0% used [0x0000000740180000,0x0000000740180000,0x0000000742a80000)
  from space 1024K, 37% used [0x0000000742a80000,0x0000000742ae0000,0x0000000742b80000)
  to   space 1024K, 0% used [0x0000000742b80000,0x0000000742b80000,0x0000000742c80000)
 ParOldGen       total 196096K, used 80148K [0x0000000640400000, 0x000000064c380000, 0x0000000740180000)
  object space 196096K, 40% used [0x0000000640400000,0x00000006452452d8,0x000000064c380000)
 Metaspace       used 48298K, capacity 49175K, committed 49496K, reserved 1093632K
  class space    used 4933K, capacity 5126K, committed 5248K, reserved 1048576K
}

